Using pre-set license
Built from '2020.3/release' branch; Version is '2020.3.7f1 (dd97f2c94397) revision 14522354'; Using compiler version '192528614'; Build Type 'Release'
OS: 'Windows 10 Pro; OS build 18362.1256; Version 1903; 64bit' Language: 'ko' Physical Memory: 16264 MB
BatchMode: 1, IsHumanControllingUs: 0, StartBugReporterOnCrash: 0, Is64bit: 1, IsPro: 0

 COMMAND LINE ARGUMENTS:
C:\Program Files\Unity\Hub\Editor\2020.3.7f1\Editor\Unity.exe
-adb2
-batchMode
-noUpm
-name
AssetImportWorker0
-projectPath
C:/Users/SGA/Documents/GitHub/MapleD/MapleStoryD
-logFile
Logs/AssetImportWorker0.log
-srvPort
49739
Successfully changed project path to: C:/Users/SGA/Documents/GitHub/MapleD/MapleStoryD
C:/Users/SGA/Documents/GitHub/MapleD/MapleStoryD
Using Asset Import Pipeline V2.
Refreshing native plugins compatible for Editor in 47.53 ms, found 2 plugins.
Preloading 0 native plugins for Editor in 0.00 ms.
Initialize engine version: 2020.3.7f1 (dd97f2c94397)
[Subsystems] Discovering subsystems at path C:/Program Files/Unity/Hub/Editor/2020.3.7f1/Editor/Data/Resources/UnitySubsystems
[Subsystems] Discovering subsystems at path C:/Users/SGA/Documents/GitHub/MapleD/MapleStoryD/Assets
GfxDevice: creating device client; threaded=0
Direct3D:
    Version:  Direct3D 11.0 [level 11.1]
    Renderer: Intel(R) HD Graphics 630 (ID=0x5912)
    Vendor:   
    VRAM:     8132 MB
    Driver:   26.20.100.7263
Initialize mono
Mono path[0] = 'C:/Program Files/Unity/Hub/Editor/2020.3.7f1/Editor/Data/Managed'
Mono path[1] = 'C:/Program Files/Unity/Hub/Editor/2020.3.7f1/Editor/Data/MonoBleedingEdge/lib/mono/unityjit'
Mono config path = 'C:/Program Files/Unity/Hub/Editor/2020.3.7f1/Editor/Data/MonoBleedingEdge/etc'
Using monoOptions --debugger-agent=transport=dt_socket,embedding=1,server=y,suspend=n,address=127.0.0.1:56780
Begin MonoManager ReloadAssembly
Registering precompiled unity dll's ...
Register platform support module: C:/Program Files/Unity/Hub/Editor/2020.3.7f1/Editor/Data/PlaybackEngines/WindowsStandaloneSupport/UnityEditor.WindowsStandalone.Extensions.dll
Registered in 0.001324 seconds.
Native extension for WindowsStandalone target not found
Refreshing native plugins compatible for Editor in 52.65 ms, found 2 plugins.
Preloading 0 native plugins for Editor in 0.00 ms.
Mono: successfully reloaded assembly
- Completed reload, in  2.127 seconds
Platform modules already initialized, skipping
Registering precompiled user dll's ...
Registered in 0.002711 seconds.
Begin MonoManager ReloadAssembly
Native extension for WindowsStandalone target not found
Refreshing native plugins compatible for Editor in 0.58 ms, found 2 plugins.
Preloading 0 native plugins for Editor in 0.00 ms.
Mono: successfully reloaded assembly
- Completed reload, in  0.993 seconds
Platform modules already initialized, skipping
========================================================================
Worker process is ready to serve import requests
Launched and connected shader compiler UnityShaderCompiler.exe after 0.07 seconds
Refreshing native plugins compatible for Editor in 0.48 ms, found 2 plugins.
Preloading 0 native plugins for Editor in 0.00 ms.
Unloading 1713 Unused Serialized files (Serialized files now loaded: 0)
System memory in use before: 79.7 MB.
System memory in use after: 79.8 MB.

Unloading 20 unused Assets to reduce memory usage. Loaded Objects now: 2154.
Total: 2.036400 ms (FindLiveObjects: 0.146200 ms CreateObjectMapping: 0.055000 ms MarkObjects: 1.732800 ms  DeleteObjects: 0.101500 ms)

========================================================================
Received Import Request.
  path: Assets/Scenes/GameScene.unity
  artifactKey: Guid(9fc0d4010bbf28b4594072e72b8655ab) Importer(815301076,1909f56bfc062723c751e8b465ee728b)
Start importing Assets/Scenes/GameScene.unity using Guid(9fc0d4010bbf28b4594072e72b8655ab) Importer(815301076,1909f56bfc062723c751e8b465ee728b)  -> (artifact id: '599fb0f5363b927f9dd72a1ef3c64377') in 0.014370 seconds
  Import took 0.017071 seconds .

========================================================================
Received Import Request.
  Time since last request: 205.743091 seconds.
  path: Assets/InGame/Skill/0.prefab
  artifactKey: Guid(8990d28e5fdc1054ebe43db519174f1f) Importer(815301076,1909f56bfc062723c751e8b465ee728b)
Start importing Assets/InGame/Skill/0.prefab using Guid(8990d28e5fdc1054ebe43db519174f1f) Importer(815301076,1909f56bfc062723c751e8b465ee728b)  -> (artifact id: '65905cd6ce66634dea511ca737456aed') in 0.064016 seconds
  Import took 0.067557 seconds .

========================================================================
Received Import Request.
  Time since last request: 2.414223 seconds.
  path: Assets/InGame/Skill/1.prefab
  artifactKey: Guid(8465665c6fcf19442828452f319b211b) Importer(815301076,1909f56bfc062723c751e8b465ee728b)
Start importing Assets/InGame/Skill/1.prefab using Guid(8465665c6fcf19442828452f319b211b) Importer(815301076,1909f56bfc062723c751e8b465ee728b)  -> (artifact id: 'fc066e26a22af8f3696222fe35c48ff4') in 0.010085 seconds
  Import took 0.013268 seconds .

========================================================================
Received Import Request.
  Time since last request: 0.008457 seconds.
  path: Assets/InGame/Skill/1.prefab
  artifactKey: Guid(8465665c6fcf19442828452f319b211b) Importer(815301076,1909f56bfc062723c751e8b465ee728b)
Start importing Assets/InGame/Skill/1.prefab using Guid(8465665c6fcf19442828452f319b211b) Importer(815301076,1909f56bfc062723c751e8b465ee728b)  -> (artifact id: 'fc066e26a22af8f3696222fe35c48ff4') in 0.008967 seconds
  Import took 0.012310 seconds .

========================================================================
Received Import Request.
  Time since last request: 2.053329 seconds.
  path: Assets/InGame/Skill/2.prefab
  artifactKey: Guid(3598e25810127904888ed8b302d1fbd0) Importer(815301076,1909f56bfc062723c751e8b465ee728b)
Start importing Assets/InGame/Skill/2.prefab using Guid(3598e25810127904888ed8b302d1fbd0) Importer(815301076,1909f56bfc062723c751e8b465ee728b)  -> (artifact id: '48bff9dd655ae841cf8576188ecf9ff9') in 0.012086 seconds
  Import took 0.015414 seconds .

========================================================================
Received Import Request.
  Time since last request: 0.007374 seconds.
  path: Assets/InGame/Skill/2.prefab
  artifactKey: Guid(3598e25810127904888ed8b302d1fbd0) Importer(815301076,1909f56bfc062723c751e8b465ee728b)
Start importing Assets/InGame/Skill/2.prefab using Guid(3598e25810127904888ed8b302d1fbd0) Importer(815301076,1909f56bfc062723c751e8b465ee728b)  -> (artifact id: '48bff9dd655ae841cf8576188ecf9ff9') in 0.008333 seconds
  Import took 0.011658 seconds .

========================================================================
Received Import Request.
  Time since last request: 1.758209 seconds.
  path: Assets/InGame/Skill/3.prefab
  artifactKey: Guid(cc27d51f888cc3b4c8b73fc94a1406bd) Importer(815301076,1909f56bfc062723c751e8b465ee728b)
Start importing Assets/InGame/Skill/3.prefab using Guid(cc27d51f888cc3b4c8b73fc94a1406bd) Importer(815301076,1909f56bfc062723c751e8b465ee728b)  -> (artifact id: 'a5b630571189b6abe4569c33b6181cf8') in 0.010482 seconds
  Import took 0.013501 seconds .

========================================================================
Received Import Request.
  Time since last request: 0.008194 seconds.
  path: Assets/InGame/Skill/3.prefab
  artifactKey: Guid(cc27d51f888cc3b4c8b73fc94a1406bd) Importer(815301076,1909f56bfc062723c751e8b465ee728b)
Start importing Assets/InGame/Skill/3.prefab using Guid(cc27d51f888cc3b4c8b73fc94a1406bd) Importer(815301076,1909f56bfc062723c751e8b465ee728b)  -> (artifact id: 'a5b630571189b6abe4569c33b6181cf8') in 0.008369 seconds
  Import took 0.011851 seconds .

========================================================================
Received Import Request.
  Time since last request: 1.507995 seconds.
  path: Assets/InGame/Skill/4.prefab
  artifactKey: Guid(8c3b0e0c8cb51d349aa3eeb8b3f04855) Importer(815301076,1909f56bfc062723c751e8b465ee728b)
Start importing Assets/InGame/Skill/4.prefab using Guid(8c3b0e0c8cb51d349aa3eeb8b3f04855) Importer(815301076,1909f56bfc062723c751e8b465ee728b)  -> (artifact id: '30bed6267ea4a5d33e8de6890d0d4a83') in 0.010920 seconds
  Import took 0.014102 seconds .

========================================================================
Received Import Request.
  Time since last request: 0.007751 seconds.
  path: Assets/InGame/Skill/4.prefab
  artifactKey: Guid(8c3b0e0c8cb51d349aa3eeb8b3f04855) Importer(815301076,1909f56bfc062723c751e8b465ee728b)
Start importing Assets/InGame/Skill/4.prefab using Guid(8c3b0e0c8cb51d349aa3eeb8b3f04855) Importer(815301076,1909f56bfc062723c751e8b465ee728b)  -> (artifact id: '30bed6267ea4a5d33e8de6890d0d4a83') in 0.009754 seconds
  Import took 0.014007 seconds .

========================================================================
Received Import Request.
  Time since last request: 1.926725 seconds.
  path: Assets/InGame/Skill/5.prefab
  artifactKey: Guid(046540102684fd541b0584fa359deb3e) Importer(815301076,1909f56bfc062723c751e8b465ee728b)
Start importing Assets/InGame/Skill/5.prefab using Guid(046540102684fd541b0584fa359deb3e) Importer(815301076,1909f56bfc062723c751e8b465ee728b)  -> (artifact id: 'd1532c0832aacaba237a0a7f84711918') in 0.028481 seconds
  Import took 0.031634 seconds .

========================================================================
Received Import Request.
  Time since last request: 1.950979 seconds.
  path: Assets/InGame/Skill/6.prefab
  artifactKey: Guid(eb96de262a56f5649ba5831b6c4c6baa) Importer(815301076,1909f56bfc062723c751e8b465ee728b)
Start importing Assets/InGame/Skill/6.prefab using Guid(eb96de262a56f5649ba5831b6c4c6baa) Importer(815301076,1909f56bfc062723c751e8b465ee728b)  -> (artifact id: '884a279bff49c2ac7f4063caee6607a0') in 0.009890 seconds
  Import took 0.013025 seconds .

========================================================================
Received Import Request.
  Time since last request: 0.008685 seconds.
  path: Assets/InGame/Skill/6.prefab
  artifactKey: Guid(eb96de262a56f5649ba5831b6c4c6baa) Importer(815301076,1909f56bfc062723c751e8b465ee728b)
Start importing Assets/InGame/Skill/6.prefab using Guid(eb96de262a56f5649ba5831b6c4c6baa) Importer(815301076,1909f56bfc062723c751e8b465ee728b)  -> (artifact id: '884a279bff49c2ac7f4063caee6607a0') in 0.008671 seconds
  Import took 0.012526 seconds .

========================================================================
Received Import Request.
  Time since last request: 1.357616 seconds.
  path: Assets/InGame/Skill/7.prefab
  artifactKey: Guid(f541fcb6997a5b8488298fa5dc6af8a3) Importer(815301076,1909f56bfc062723c751e8b465ee728b)
Start importing Assets/InGame/Skill/7.prefab using Guid(f541fcb6997a5b8488298fa5dc6af8a3) Importer(815301076,1909f56bfc062723c751e8b465ee728b)  -> (artifact id: 'dc1386f774132da980bd5c8acb175fec') in 0.009885 seconds
  Import took 0.012946 seconds .

========================================================================
Received Import Request.
  Time since last request: 0.008703 seconds.
  path: Assets/InGame/Skill/7.prefab
  artifactKey: Guid(f541fcb6997a5b8488298fa5dc6af8a3) Importer(815301076,1909f56bfc062723c751e8b465ee728b)
Start importing Assets/InGame/Skill/7.prefab using Guid(f541fcb6997a5b8488298fa5dc6af8a3) Importer(815301076,1909f56bfc062723c751e8b465ee728b)  -> (artifact id: 'dc1386f774132da980bd5c8acb175fec') in 0.009988 seconds
  Import took 0.013291 seconds .

========================================================================
Received Import Request.
  Time since last request: 1.723004 seconds.
  path: Assets/InGame/Skill/8.prefab
  artifactKey: Guid(239d55d1cd4bb5a479b473556988d522) Importer(815301076,1909f56bfc062723c751e8b465ee728b)
Start importing Assets/InGame/Skill/8.prefab using Guid(239d55d1cd4bb5a479b473556988d522) Importer(815301076,1909f56bfc062723c751e8b465ee728b)  -> (artifact id: '2dc2ea1140914205df6c634adcac4ac2') in 0.007879 seconds
  Import took 0.011225 seconds .

========================================================================
Received Import Request.
  Time since last request: 0.010184 seconds.
  path: Assets/InGame/Skill/8.prefab
  artifactKey: Guid(239d55d1cd4bb5a479b473556988d522) Importer(815301076,1909f56bfc062723c751e8b465ee728b)
Start importing Assets/InGame/Skill/8.prefab using Guid(239d55d1cd4bb5a479b473556988d522) Importer(815301076,1909f56bfc062723c751e8b465ee728b)  -> (artifact id: '2dc2ea1140914205df6c634adcac4ac2') in 0.019980 seconds
  Import took 0.024644 seconds .

========================================================================
Received Prepare
Registering precompiled user dll's ...
Registered in 0.002583 seconds.
Begin MonoManager ReloadAssembly
Native extension for WindowsStandalone target not found
Refreshing native plugins compatible for Editor in 0.51 ms, found 2 plugins.
Preloading 0 native plugins for Editor in 0.00 ms.
Mono: successfully reloaded assembly
- Completed reload, in  1.059 seconds
Platform modules already initialized, skipping
Refreshing native plugins compatible for Editor in 0.53 ms, found 2 plugins.
Preloading 0 native plugins for Editor in 0.00 ms.
Unloading 1688 Unused Serialized files (Serialized files now loaded: 0)
System memory in use before: 77.7 MB.
System memory in use after: 77.9 MB.

Unloading 11 unused Assets to reduce memory usage. Loaded Objects now: 2157.
Total: 2.275400 ms (FindLiveObjects: 0.173600 ms CreateObjectMapping: 0.061100 ms MarkObjects: 2.019300 ms  DeleteObjects: 0.020200 ms)

========================================================================
Received Import Request.
  Time since last request: 432.078875 seconds.
  path: Assets/Scenes/GameScene.unity
  artifactKey: Guid(9fc0d4010bbf28b4594072e72b8655ab) Importer(815301076,1909f56bfc062723c751e8b465ee728b)
Start importing Assets/Scenes/GameScene.unity using Guid(9fc0d4010bbf28b4594072e72b8655ab) Importer(815301076,1909f56bfc062723c751e8b465ee728b)  -> (artifact id: '167e070defe48b326f9a417d8fa66ce0') in 0.015906 seconds
  Import took 0.018859 seconds .

========================================================================
Received Prepare
Registering precompiled user dll's ...
Registered in 0.002569 seconds.
Begin MonoManager ReloadAssembly
Native extension for WindowsStandalone target not found
Refreshing native plugins compatible for Editor in 0.60 ms, found 2 plugins.
Preloading 0 native plugins for Editor in 0.00 ms.
Mono: successfully reloaded assembly
- Completed reload, in  0.899 seconds
Platform modules already initialized, skipping
Refreshing native plugins compatible for Editor in 0.48 ms, found 2 plugins.
Preloading 0 native plugins for Editor in 0.00 ms.
Unloading 1688 Unused Serialized files (Serialized files now loaded: 0)
System memory in use before: 77.8 MB.
System memory in use after: 77.9 MB.

Unloading 11 unused Assets to reduce memory usage. Loaded Objects now: 2160.
Total: 2.028000 ms (FindLiveObjects: 0.153800 ms CreateObjectMapping: 0.057300 ms MarkObjects: 1.781900 ms  DeleteObjects: 0.034200 ms)

========================================================================
Received Import Request.
  Time since last request: 283.164323 seconds.
  path: Assets/Scenes/GameScene.unity
  artifactKey: Guid(9fc0d4010bbf28b4594072e72b8655ab) Importer(815301076,1909f56bfc062723c751e8b465ee728b)
Start importing Assets/Scenes/GameScene.unity using Guid(9fc0d4010bbf28b4594072e72b8655ab) Importer(815301076,1909f56bfc062723c751e8b465ee728b)  -> (artifact id: 'a510270e4f07f415413b79f1bf05048e') in 0.031117 seconds
  Import took 0.035785 seconds .

========================================================================
Received Prepare
Registering precompiled user dll's ...
Registered in 0.002779 seconds.
Begin MonoManager ReloadAssembly
Native extension for WindowsStandalone target not found
Refreshing native plugins compatible for Editor in 0.51 ms, found 2 plugins.
Preloading 0 native plugins for Editor in 0.00 ms.
Mono: successfully reloaded assembly
- Completed reload, in  1.035 seconds
Platform modules already initialized, skipping
Refreshing native plugins compatible for Editor in 0.50 ms, found 2 plugins.
Preloading 0 native plugins for Editor in 0.00 ms.
Unloading 1688 Unused Serialized files (Serialized files now loaded: 0)
System memory in use before: 77.8 MB.
System memory in use after: 77.9 MB.

Unloading 11 unused Assets to reduce memory usage. Loaded Objects now: 2163.
Total: 2.493200 ms (FindLiveObjects: 0.326700 ms CreateObjectMapping: 0.125100 ms MarkObjects: 1.991700 ms  DeleteObjects: 0.048500 ms)

========================================================================
Received Prepare
Registering precompiled user dll's ...
Registered in 0.002741 seconds.
Begin MonoManager ReloadAssembly
Native extension for WindowsStandalone target not found
Refreshing native plugins compatible for Editor in 0.49 ms, found 2 plugins.
Preloading 0 native plugins for Editor in 0.00 ms.
Mono: successfully reloaded assembly
- Completed reload, in  0.997 seconds
Platform modules already initialized, skipping
Refreshing native plugins compatible for Editor in 0.54 ms, found 2 plugins.
Preloading 0 native plugins for Editor in 0.00 ms.
Unloading 1688 Unused Serialized files (Serialized files now loaded: 0)
System memory in use before: 77.8 MB.
System memory in use after: 77.9 MB.

Unloading 11 unused Assets to reduce memory usage. Loaded Objects now: 2166.
Total: 1.920800 ms (FindLiveObjects: 0.240200 ms CreateObjectMapping: 0.086000 ms MarkObjects: 1.564600 ms  DeleteObjects: 0.029200 ms)

========================================================================
Received Import Request.
  Time since last request: 636.213121 seconds.
  path: Assets/Scenes/GameScene.unity
  artifactKey: Guid(9fc0d4010bbf28b4594072e72b8655ab) Importer(815301076,1909f56bfc062723c751e8b465ee728b)
Start importing Assets/Scenes/GameScene.unity using Guid(9fc0d4010bbf28b4594072e72b8655ab) Importer(815301076,1909f56bfc062723c751e8b465ee728b)  -> (artifact id: '2136a0ce523f16e075b9a5fade0d8d5c') in 0.017166 seconds
  Import took 0.020900 seconds .

========================================================================
Received Import Request.
  Time since last request: 309.194928 seconds.
  path: Assets/Main/Font/TimeNum.fontsettings
  artifactKey: Guid(f95dd2c9419a4d44d96db5a31abd580c) Importer(815301076,1909f56bfc062723c751e8b465ee728b)
Start importing Assets/Main/Font/TimeNum.fontsettings using Guid(f95dd2c9419a4d44d96db5a31abd580c) Importer(815301076,1909f56bfc062723c751e8b465ee728b)  -> (artifact id: '3a5a7df43c164b51ec3add39514735d5') in 0.129522 seconds
  Import took 0.134077 seconds .

========================================================================
Received Import Request.
  Time since last request: 0.000152 seconds.
  path: Assets/Main/Font/Wave.fontsettings
  artifactKey: Guid(7723fe45e04f5f04ab5701cffd69f403) Importer(815301076,1909f56bfc062723c751e8b465ee728b)
Start importing Assets/Main/Font/Wave.fontsettings using Guid(7723fe45e04f5f04ab5701cffd69f403) Importer(815301076,1909f56bfc062723c751e8b465ee728b)  -> (artifact id: 'c839a1917f171c9da41dcaf199e4b747') in 0.138029 seconds
  Import took 0.143002 seconds .

========================================================================
Received Import Request.
  Time since last request: 0.000182 seconds.
  path: Assets/Main/Font/TimeNum.fontsettings
  artifactKey: Guid(f95dd2c9419a4d44d96db5a31abd580c) Importer(815301076,1909f56bfc062723c751e8b465ee728b)
Start importing Assets/Main/Font/TimeNum.fontsettings using Guid(f95dd2c9419a4d44d96db5a31abd580c) Importer(815301076,1909f56bfc062723c751e8b465ee728b)  -> (artifact id: '3a5a7df43c164b51ec3add39514735d5') in 0.013321 seconds
  Import took 0.016800 seconds .

========================================================================
Received Import Request.
  Time since last request: 0.000736 seconds.
  path: Assets/Main/Font/Wave.fontsettings
  artifactKey: Guid(7723fe45e04f5f04ab5701cffd69f403) Importer(815301076,1909f56bfc062723c751e8b465ee728b)
Start importing Assets/Main/Font/Wave.fontsettings using Guid(7723fe45e04f5f04ab5701cffd69f403) Importer(815301076,1909f56bfc062723c751e8b465ee728b)  -> (artifact id: 'c839a1917f171c9da41dcaf199e4b747') in 0.011372 seconds
  Import took 0.016078 seconds .

========================================================================
Received Prepare
Registering precompiled user dll's ...
Registered in 0.002446 seconds.
Begin MonoManager ReloadAssembly
Native extension for WindowsStandalone target not found
Refreshing native plugins compatible for Editor in 0.52 ms, found 2 plugins.
Preloading 0 native plugins for Editor in 0.00 ms.
Mono: successfully reloaded assembly
- Completed reload, in  1.020 seconds
Platform modules already initialized, skipping
Refreshing native plugins compatible for Editor in 0.50 ms, found 2 plugins.
Preloading 0 native plugins for Editor in 0.00 ms.
Unloading 1688 Unused Serialized files (Serialized files now loaded: 0)
System memory in use before: 81.2 MB.
System memory in use after: 81.3 MB.

Unloading 11 unused Assets to reduce memory usage. Loaded Objects now: 2209.
Total: 1.774000 ms (FindLiveObjects: 0.144400 ms CreateObjectMapping: 0.046400 ms MarkObjects: 1.551800 ms  DeleteObjects: 0.029700 ms)

========================================================================
Received Import Request.
  Time since last request: 735.829639 seconds.
  path: Assets/Scenes/GameScene.unity
  artifactKey: Guid(9fc0d4010bbf28b4594072e72b8655ab) Importer(815301076,1909f56bfc062723c751e8b465ee728b)
Start importing Assets/Scenes/GameScene.unity using Guid(9fc0d4010bbf28b4594072e72b8655ab) Importer(815301076,1909f56bfc062723c751e8b465ee728b)  -> (artifact id: 'dd1bbeb6ff9d3fcb518dc03f47478a0f') in 0.017157 seconds
  Import took 0.021028 seconds .

========================================================================
Received Prepare
Registering precompiled user dll's ...
Registered in 0.002563 seconds.
Begin MonoManager ReloadAssembly
Native extension for WindowsStandalone target not found
Refreshing native plugins compatible for Editor in 0.50 ms, found 2 plugins.
Preloading 0 native plugins for Editor in 0.00 ms.
Mono: successfully reloaded assembly
- Completed reload, in  1.002 seconds
Platform modules already initialized, skipping
Refreshing native plugins compatible for Editor in 0.49 ms, found 2 plugins.
Preloading 0 native plugins for Editor in 0.00 ms.
Unloading 1688 Unused Serialized files (Serialized files now loaded: 0)
System memory in use before: 81.2 MB.
System memory in use after: 81.3 MB.

Unloading 11 unused Assets to reduce memory usage. Loaded Objects now: 2212.
Total: 2.324100 ms (FindLiveObjects: 0.173600 ms CreateObjectMapping: 0.045100 ms MarkObjects: 2.087300 ms  DeleteObjects: 0.016600 ms)

========================================================================
Received Import Request.
  Time since last request: 1395.299633 seconds.
  path: Assets/Scenes/GameScene.unity
  artifactKey: Guid(9fc0d4010bbf28b4594072e72b8655ab) Importer(815301076,1909f56bfc062723c751e8b465ee728b)
Start importing Assets/Scenes/GameScene.unity using Guid(9fc0d4010bbf28b4594072e72b8655ab) Importer(815301076,1909f56bfc062723c751e8b465ee728b)  -> (artifact id: 'c6c4b184ba96b4cce85afb782db53264') in 0.017243 seconds
  Import took 0.022216 seconds .

========================================================================
Received Prepare
Registering precompiled user dll's ...
Registered in 0.002682 seconds.
Begin MonoManager ReloadAssembly
Native extension for WindowsStandalone target not found
Refreshing native plugins compatible for Editor in 0.55 ms, found 2 plugins.
Preloading 0 native plugins for Editor in 0.00 ms.
Mono: successfully reloaded assembly
- Completed reload, in  0.886 seconds
Platform modules already initialized, skipping
Refreshing native plugins compatible for Editor in 0.65 ms, found 2 plugins.
Preloading 0 native plugins for Editor in 0.00 ms.
Unloading 1688 Unused Serialized files (Serialized files now loaded: 0)
System memory in use before: 81.2 MB.
System memory in use after: 81.3 MB.

Unloading 11 unused Assets to reduce memory usage. Loaded Objects now: 2215.
Total: 2.700900 ms (FindLiveObjects: 0.168200 ms CreateObjectMapping: 0.059400 ms MarkObjects: 2.450200 ms  DeleteObjects: 0.021400 ms)

========================================================================
Received Prepare
Registering precompiled user dll's ...
Registered in 0.002703 seconds.
Begin MonoManager ReloadAssembly
Native extension for WindowsStandalone target not found
Refreshing native plugins compatible for Editor in 0.52 ms, found 2 plugins.
Preloading 0 native plugins for Editor in 0.00 ms.
Mono: successfully reloaded assembly
- Completed reload, in  1.015 seconds
Platform modules already initialized, skipping
Refreshing native plugins compatible for Editor in 0.72 ms, found 2 plugins.
Preloading 0 native plugins for Editor in 0.00 ms.
Unloading 1688 Unused Serialized files (Serialized files now loaded: 0)
System memory in use before: 81.2 MB.
System memory in use after: 81.3 MB.

Unloading 11 unused Assets to reduce memory usage. Loaded Objects now: 2218.
Total: 2.570800 ms (FindLiveObjects: 0.235600 ms CreateObjectMapping: 0.127000 ms MarkObjects: 2.188900 ms  DeleteObjects: 0.017500 ms)

========================================================================
Received Prepare
Registering precompiled user dll's ...
Registered in 0.002475 seconds.
Begin MonoManager ReloadAssembly
Native extension for WindowsStandalone target not found
Refreshing native plugins compatible for Editor in 0.52 ms, found 2 plugins.
Preloading 0 native plugins for Editor in 0.00 ms.
Mono: successfully reloaded assembly
- Completed reload, in  1.058 seconds
Platform modules already initialized, skipping
Refreshing native plugins compatible for Editor in 0.50 ms, found 2 plugins.
Preloading 0 native plugins for Editor in 0.00 ms.
Unloading 1688 Unused Serialized files (Serialized files now loaded: 0)
System memory in use before: 81.2 MB.
System memory in use after: 81.3 MB.

Unloading 11 unused Assets to reduce memory usage. Loaded Objects now: 2221.
Total: 2.276400 ms (FindLiveObjects: 0.461600 ms CreateObjectMapping: 0.121900 ms MarkObjects: 1.644800 ms  DeleteObjects: 0.030000 ms)

========================================================================
Received Prepare
Registering precompiled user dll's ...
Registered in 0.003189 seconds.
Begin MonoManager ReloadAssembly
Native extension for WindowsStandalone target not found
Refreshing native plugins compatible for Editor in 0.51 ms, found 2 plugins.
Preloading 0 native plugins for Editor in 0.00 ms.
Mono: successfully reloaded assembly
- Completed reload, in  1.022 seconds
Platform modules already initialized, skipping
Refreshing native plugins compatible for Editor in 0.51 ms, found 2 plugins.
Preloading 0 native plugins for Editor in 0.00 ms.
Unloading 1688 Unused Serialized files (Serialized files now loaded: 0)
System memory in use before: 81.2 MB.
System memory in use after: 81.3 MB.

Unloading 11 unused Assets to reduce memory usage. Loaded Objects now: 2224.
Total: 2.261000 ms (FindLiveObjects: 0.163300 ms CreateObjectMapping: 0.058600 ms MarkObjects: 2.021300 ms  DeleteObjects: 0.016600 ms)

========================================================================
Received Prepare
Registering precompiled user dll's ...
Registered in 0.002702 seconds.
Begin MonoManager ReloadAssembly
Native extension for WindowsStandalone target not found
Refreshing native plugins compatible for Editor in 0.50 ms, found 2 plugins.
Preloading 0 native plugins for Editor in 0.00 ms.
Mono: successfully reloaded assembly
- Completed reload, in  0.882 seconds
Platform modules already initialized, skipping
Refreshing native plugins compatible for Editor in 0.49 ms, found 2 plugins.
Preloading 0 native plugins for Editor in 0.00 ms.
Unloading 1688 Unused Serialized files (Serialized files now loaded: 0)
System memory in use before: 81.2 MB.
System memory in use after: 81.3 MB.

Unloading 11 unused Assets to reduce memory usage. Loaded Objects now: 2227.
Total: 2.591700 ms (FindLiveObjects: 0.173200 ms CreateObjectMapping: 0.128600 ms MarkObjects: 2.236300 ms  DeleteObjects: 0.047900 ms)

========================================================================
Received Prepare
Registering precompiled user dll's ...
Registered in 0.002649 seconds.
Begin MonoManager ReloadAssembly
Native extension for WindowsStandalone target not found
Refreshing native plugins compatible for Editor in 0.50 ms, found 2 plugins.
Preloading 0 native plugins for Editor in 0.00 ms.
Mono: successfully reloaded assembly
- Completed reload, in  0.928 seconds
Platform modules already initialized, skipping
Refreshing native plugins compatible for Editor in 0.49 ms, found 2 plugins.
Preloading 0 native plugins for Editor in 0.00 ms.
Unloading 1688 Unused Serialized files (Serialized files now loaded: 0)
System memory in use before: 81.2 MB.
System memory in use after: 81.3 MB.

Unloading 11 unused Assets to reduce memory usage. Loaded Objects now: 2230.
Total: 2.039400 ms (FindLiveObjects: 0.271000 ms CreateObjectMapping: 0.090600 ms MarkObjects: 1.631000 ms  DeleteObjects: 0.045400 ms)

========================================================================
Received Prepare
Registering precompiled user dll's ...
Registered in 0.002833 seconds.
Begin MonoManager ReloadAssembly
Native extension for WindowsStandalone target not found
Refreshing native plugins compatible for Editor in 0.50 ms, found 2 plugins.
Preloading 0 native plugins for Editor in 0.00 ms.
Mono: successfully reloaded assembly
- Completed reload, in  0.863 seconds
Platform modules already initialized, skipping
Refreshing native plugins compatible for Editor in 0.51 ms, found 2 plugins.
Preloading 0 native plugins for Editor in 0.00 ms.
Unloading 1688 Unused Serialized files (Serialized files now loaded: 0)
System memory in use before: 81.2 MB.
System memory in use after: 81.3 MB.

Unloading 11 unused Assets to reduce memory usage. Loaded Objects now: 2233.
Total: 2.844500 ms (FindLiveObjects: 0.219100 ms CreateObjectMapping: 0.094900 ms MarkObjects: 2.512500 ms  DeleteObjects: 0.016700 ms)

========================================================================
Received Prepare
Registering precompiled user dll's ...
Registered in 0.002426 seconds.
Begin MonoManager ReloadAssembly
Native extension for WindowsStandalone target not found
Refreshing native plugins compatible for Editor in 0.52 ms, found 2 plugins.
Preloading 0 native plugins for Editor in 0.00 ms.
Mono: successfully reloaded assembly
- Completed reload, in  1.005 seconds
Platform modules already initialized, skipping
Refreshing native plugins compatible for Editor in 0.55 ms, found 2 plugins.
Preloading 0 native plugins for Editor in 0.00 ms.
Unloading 1688 Unused Serialized files (Serialized files now loaded: 0)
System memory in use before: 81.2 MB.
System memory in use after: 81.3 MB.

Unloading 11 unused Assets to reduce memory usage. Loaded Objects now: 2236.
Total: 2.159000 ms (FindLiveObjects: 0.151500 ms CreateObjectMapping: 0.073700 ms MarkObjects: 1.916200 ms  DeleteObjects: 0.016400 ms)

========================================================================
Received Prepare
Registering precompiled user dll's ...
Registered in 0.002546 seconds.
Begin MonoManager ReloadAssembly
Native extension for WindowsStandalone target not found
Refreshing native plugins compatible for Editor in 0.86 ms, found 2 plugins.
Preloading 0 native plugins for Editor in 0.00 ms.
Mono: successfully reloaded assembly
- Completed reload, in  0.946 seconds
Platform modules already initialized, skipping
Refreshing native plugins compatible for Editor in 0.49 ms, found 2 plugins.
Preloading 0 native plugins for Editor in 0.00 ms.
Unloading 1688 Unused Serialized files (Serialized files now loaded: 0)
System memory in use before: 81.2 MB.
System memory in use after: 81.3 MB.

Unloading 11 unused Assets to reduce memory usage. Loaded Objects now: 2239.
Total: 2.151000 ms (FindLiveObjects: 0.167800 ms CreateObjectMapping: 0.062200 ms MarkObjects: 1.901500 ms  DeleteObjects: 0.018300 ms)

AssetImportWorkerClient::OnTransportError - code=2 error=End of file
