Using pre-set license
Built from '2020.3/release' branch; Version is '2020.3.7f1 (dd97f2c94397) revision 14522354'; Using compiler version '192528614'; Build Type 'Release'
OS: 'Windows 10 Home; OS build 19044.1645; Version 2009; 64bit' Language: 'ko' Physical Memory: 16317 MB
BatchMode: 1, IsHumanControllingUs: 0, StartBugReporterOnCrash: 0, Is64bit: 1, IsPro: 0

 COMMAND LINE ARGUMENTS:
C:\Program Files\Unity\Hub\Editor\2020.3.7f1\Editor\Unity.exe
-adb2
-batchMode
-noUpm
-name
AssetImportWorker0
-projectPath
C:/Users/pc/Documents/GitHub/MapleD/MapleStoryD
-logFile
Logs/AssetImportWorker0.log
-srvPort
61200
Successfully changed project path to: C:/Users/pc/Documents/GitHub/MapleD/MapleStoryD
C:/Users/pc/Documents/GitHub/MapleD/MapleStoryD
Using Asset Import Pipeline V2.
Refreshing native plugins compatible for Editor in 52.63 ms, found 2 plugins.
Preloading 0 native plugins for Editor in 0.00 ms.
Initialize engine version: 2020.3.7f1 (dd97f2c94397)
[Subsystems] Discovering subsystems at path C:/Program Files/Unity/Hub/Editor/2020.3.7f1/Editor/Data/Resources/UnitySubsystems
[Subsystems] Discovering subsystems at path C:/Users/pc/Documents/GitHub/MapleD/MapleStoryD/Assets
GfxDevice: creating device client; threaded=0
Direct3D:
    Version:  Direct3D 11.0 [level 11.1]
    Renderer: NVIDIA GeForce GTX 1660 SUPER (ID=0x21c4)
    Vendor:   
    VRAM:     5991 MB
    Driver:   27.21.14.5671
Initialize mono
Mono path[0] = 'C:/Program Files/Unity/Hub/Editor/2020.3.7f1/Editor/Data/Managed'
Mono path[1] = 'C:/Program Files/Unity/Hub/Editor/2020.3.7f1/Editor/Data/MonoBleedingEdge/lib/mono/unityjit'
Mono config path = 'C:/Program Files/Unity/Hub/Editor/2020.3.7f1/Editor/Data/MonoBleedingEdge/etc'
Using monoOptions --debugger-agent=transport=dt_socket,embedding=1,server=y,suspend=n,address=127.0.0.1:56304
Begin MonoManager ReloadAssembly
Registering precompiled unity dll's ...
Register platform support module: C:/Program Files/Unity/Hub/Editor/2020.3.7f1/Editor/Data/PlaybackEngines/WindowsStandaloneSupport/UnityEditor.WindowsStandalone.Extensions.dll
Registered in 0.002739 seconds.
Native extension for WindowsStandalone target not found
Refreshing native plugins compatible for Editor in 51.72 ms, found 2 plugins.
Preloading 0 native plugins for Editor in 0.00 ms.
Mono: successfully reloaded assembly
- Completed reload, in  2.122 seconds
Platform modules already initialized, skipping
Registering precompiled user dll's ...
Registered in 0.004306 seconds.
Begin MonoManager ReloadAssembly
Native extension for WindowsStandalone target not found
Refreshing native plugins compatible for Editor in 0.50 ms, found 2 plugins.
Preloading 0 native plugins for Editor in 0.00 ms.
Mono: successfully reloaded assembly
- Completed reload, in  1.037 seconds
Platform modules already initialized, skipping
========================================================================
Worker process is ready to serve import requests
Launched and connected shader compiler UnityShaderCompiler.exe after 0.06 seconds
Refreshing native plugins compatible for Editor in 0.48 ms, found 2 plugins.
Preloading 0 native plugins for Editor in 0.00 ms.
Unloading 1726 Unused Serialized files (Serialized files now loaded: 0)
System memory in use before: 80.1 MB.
System memory in use after: 80.2 MB.

Unloading 20 unused Assets to reduce memory usage. Loaded Objects now: 2168.
Total: 2.282200 ms (FindLiveObjects: 0.354900 ms CreateObjectMapping: 0.119100 ms MarkObjects: 1.745600 ms  DeleteObjects: 0.061600 ms)

========================================================================
Received Import Request.
  path: Assets/Scenes/GameScene.unity
  artifactKey: Guid(9fc0d4010bbf28b4594072e72b8655ab) Importer(815301076,1909f56bfc062723c751e8b465ee728b)
Start importing Assets/Scenes/GameScene.unity using Guid(9fc0d4010bbf28b4594072e72b8655ab) Importer(815301076,1909f56bfc062723c751e8b465ee728b)  -> (artifact id: 'a84e2de06fbe6bf4398fd510efb54d2d') in 0.017198 seconds
  Import took 0.020006 seconds .

========================================================================
Received Import Request.
  Time since last request: 1.113047 seconds.
  path: Assets/InGame/active
  artifactKey: Guid(dda3156d18908ef4ba400b878a34ec59) Importer(815301076,1909f56bfc062723c751e8b465ee728b)
Start importing Assets/InGame/active using Guid(dda3156d18908ef4ba400b878a34ec59) Importer(815301076,1909f56bfc062723c751e8b465ee728b)  -> (artifact id: '89762609b739c4b9d8b10be4b51cf7d1') in 0.008699 seconds
  Import took 0.011252 seconds .

========================================================================
Received Import Request.
  Time since last request: 3.292077 seconds.
  path: Assets/InGame/effect/SkillStun.prefab
  artifactKey: Guid(8ea790fc0f667a549bc2bf62692ce789) Importer(815301076,1909f56bfc062723c751e8b465ee728b)
Start importing Assets/InGame/effect/SkillStun.prefab using Guid(8ea790fc0f667a549bc2bf62692ce789) Importer(815301076,1909f56bfc062723c751e8b465ee728b)  -> (artifact id: '93c02f1235f44e9ab2cb6f265ae3bb2b') in 0.110394 seconds
  Import took 0.114439 seconds .

========================================================================
Received Prepare
Registering precompiled user dll's ...
Registered in 0.004508 seconds.
Begin MonoManager ReloadAssembly
Native extension for WindowsStandalone target not found
Refreshing native plugins compatible for Editor in 0.75 ms, found 2 plugins.
Preloading 0 native plugins for Editor in 0.00 ms.
Mono: successfully reloaded assembly
- Completed reload, in  0.992 seconds
Platform modules already initialized, skipping
Refreshing native plugins compatible for Editor in 0.60 ms, found 2 plugins.
Preloading 0 native plugins for Editor in 0.00 ms.
Unloading 1701 Unused Serialized files (Serialized files now loaded: 0)
System memory in use before: 81.2 MB.
System memory in use after: 81.3 MB.

Unloading 11 unused Assets to reduce memory usage. Loaded Objects now: 2178.
Total: 2.126400 ms (FindLiveObjects: 0.177500 ms CreateObjectMapping: 0.088100 ms MarkObjects: 1.843500 ms  DeleteObjects: 0.016400 ms)

========================================================================
Received Prepare
Registering precompiled user dll's ...
Registered in 0.004563 seconds.
Begin MonoManager ReloadAssembly
Native extension for WindowsStandalone target not found
Refreshing native plugins compatible for Editor in 0.51 ms, found 2 plugins.
Preloading 0 native plugins for Editor in 0.00 ms.
Mono: successfully reloaded assembly
- Completed reload, in  0.961 seconds
Platform modules already initialized, skipping
Refreshing native plugins compatible for Editor in 0.65 ms, found 2 plugins.
Preloading 0 native plugins for Editor in 0.00 ms.
Unloading 1701 Unused Serialized files (Serialized files now loaded: 0)
System memory in use before: 81.3 MB.
System memory in use after: 81.4 MB.

Unloading 11 unused Assets to reduce memory usage. Loaded Objects now: 2181.
Total: 1.657700 ms (FindLiveObjects: 0.140700 ms CreateObjectMapping: 0.048900 ms MarkObjects: 1.453100 ms  DeleteObjects: 0.014300 ms)

========================================================================
Received Prepare
Registering precompiled user dll's ...
Registered in 0.004990 seconds.
Begin MonoManager ReloadAssembly
Native extension for WindowsStandalone target not found
Refreshing native plugins compatible for Editor in 0.53 ms, found 2 plugins.
Preloading 0 native plugins for Editor in 0.00 ms.
Mono: successfully reloaded assembly
- Completed reload, in  0.950 seconds
Platform modules already initialized, skipping
Refreshing native plugins compatible for Editor in 0.55 ms, found 2 plugins.
Preloading 0 native plugins for Editor in 0.00 ms.
Unloading 1701 Unused Serialized files (Serialized files now loaded: 0)
System memory in use before: 81.3 MB.
System memory in use after: 81.4 MB.

Unloading 11 unused Assets to reduce memory usage. Loaded Objects now: 2184.
Total: 1.905400 ms (FindLiveObjects: 0.185500 ms CreateObjectMapping: 0.090900 ms MarkObjects: 1.612400 ms  DeleteObjects: 0.015200 ms)

========================================================================
Received Prepare
Registering precompiled user dll's ...
Registered in 0.004310 seconds.
Begin MonoManager ReloadAssembly
Native extension for WindowsStandalone target not found
Refreshing native plugins compatible for Editor in 0.54 ms, found 2 plugins.
Preloading 0 native plugins for Editor in 0.00 ms.
Mono: successfully reloaded assembly
- Completed reload, in  0.932 seconds
Platform modules already initialized, skipping
Refreshing native plugins compatible for Editor in 0.57 ms, found 2 plugins.
Preloading 0 native plugins for Editor in 0.00 ms.
Unloading 1701 Unused Serialized files (Serialized files now loaded: 0)
System memory in use before: 81.3 MB.
System memory in use after: 81.4 MB.

Unloading 11 unused Assets to reduce memory usage. Loaded Objects now: 2187.
Total: 2.113400 ms (FindLiveObjects: 0.189100 ms CreateObjectMapping: 0.066900 ms MarkObjects: 1.838200 ms  DeleteObjects: 0.018000 ms)

========================================================================
Received Prepare
Refreshing native plugins compatible for Editor in 3.91 ms, found 2 plugins.
Preloading 0 native plugins for Editor in 0.00 ms.
Unloading 9 Unused Serialized files (Serialized files now loaded: 0)
System memory in use before: 47.8 MB.
System memory in use after: 48.0 MB.

Unloading 9 unused Assets to reduce memory usage. Loaded Objects now: 2187.
Total: 2.606400 ms (FindLiveObjects: 0.208500 ms CreateObjectMapping: 0.076900 ms MarkObjects: 2.121600 ms  DeleteObjects: 0.198100 ms)

========================================================================
Received Import Request.
  Time since last request: 1514.129435 seconds.
  path: Assets/InGame/active/0.prefab
  artifactKey: Guid(a0a4b69789537074f9d0ed3c8240b39d) Importer(815301076,1909f56bfc062723c751e8b465ee728b)
Start importing Assets/InGame/active/0.prefab using Guid(a0a4b69789537074f9d0ed3c8240b39d) Importer(815301076,1909f56bfc062723c751e8b465ee728b)  -> (artifact id: '49b72cab62fc13b238ee9fcf8df945ce') in 0.039864 seconds
  Import took 0.043541 seconds .

========================================================================
Received Import Request.
  Time since last request: 26.519041 seconds.
  path: Assets/InGame/active/0.prefab
  artifactKey: Guid(a0a4b69789537074f9d0ed3c8240b39d) Importer(815301076,1909f56bfc062723c751e8b465ee728b)
Start importing Assets/InGame/active/0.prefab using Guid(a0a4b69789537074f9d0ed3c8240b39d) Importer(815301076,1909f56bfc062723c751e8b465ee728b)  -> (artifact id: 'ff5d04a78e9dbf72111902cb648f316e') in 0.007087 seconds
  Import took 0.010240 seconds .

========================================================================
Received Import Request.
  Time since last request: 21.686245 seconds.
  path: Assets/InGame/active/0.prefab
  artifactKey: Guid(a0a4b69789537074f9d0ed3c8240b39d) Importer(815301076,1909f56bfc062723c751e8b465ee728b)
Start importing Assets/InGame/active/0.prefab using Guid(a0a4b69789537074f9d0ed3c8240b39d) Importer(815301076,1909f56bfc062723c751e8b465ee728b)  -> (artifact id: '3875daeec30257e6e6dc9a4def87ca00') in 0.007736 seconds
  Import took 0.011554 seconds .

========================================================================
Received Import Request.
  Time since last request: 151.386313 seconds.
  path: Assets/InGame/active/0.prefab
  artifactKey: Guid(a0a4b69789537074f9d0ed3c8240b39d) Importer(815301076,1909f56bfc062723c751e8b465ee728b)
Start importing Assets/InGame/active/0.prefab using Guid(a0a4b69789537074f9d0ed3c8240b39d) Importer(815301076,1909f56bfc062723c751e8b465ee728b)  -> (artifact id: '103386866834c53eea5643c2f3fcdc9a') in 0.007858 seconds
  Import took 0.011348 seconds .

========================================================================
Received Import Request.
  Time since last request: 1.191616 seconds.
  path: Assets/InGame/active/0.prefab
  artifactKey: Guid(a0a4b69789537074f9d0ed3c8240b39d) Importer(815301076,1909f56bfc062723c751e8b465ee728b)
Start importing Assets/InGame/active/0.prefab using Guid(a0a4b69789537074f9d0ed3c8240b39d) Importer(815301076,1909f56bfc062723c751e8b465ee728b)  -> (artifact id: '495dfdda35355473589f325bb8c3074f') in 0.007229 seconds
  Import took 0.010615 seconds .

========================================================================
Received Import Request.
  Time since last request: 38.808716 seconds.
  path: Assets/InGame/active/active0.prefab
  artifactKey: Guid(a0a4b69789537074f9d0ed3c8240b39d) Importer(815301076,1909f56bfc062723c751e8b465ee728b)
Start importing Assets/InGame/active/active0.prefab using Guid(a0a4b69789537074f9d0ed3c8240b39d) Importer(815301076,1909f56bfc062723c751e8b465ee728b)  -> (artifact id: '026de26fbb10d40f5327c3209d009e7f') in 0.010529 seconds
  Import took 0.013689 seconds .

========================================================================
Received Import Request.
  Time since last request: 0.005318 seconds.
  path: Assets/InGame/active/active0.prefab
  artifactKey: Guid(a0a4b69789537074f9d0ed3c8240b39d) Importer(815301076,1909f56bfc062723c751e8b465ee728b)
Start importing Assets/InGame/active/active0.prefab using Guid(a0a4b69789537074f9d0ed3c8240b39d) Importer(815301076,1909f56bfc062723c751e8b465ee728b)  -> (artifact id: '026de26fbb10d40f5327c3209d009e7f') in 0.007103 seconds
  Import took 0.010891 seconds .

========================================================================
Received Import Request.
  Time since last request: 2.225166 seconds.
  path: Assets/InGame/active/active0 1.prefab
  artifactKey: Guid(d015ae6fcda8e9c42a2ca255bb3e6255) Importer(815301076,1909f56bfc062723c751e8b465ee728b)
Start importing Assets/InGame/active/active0 1.prefab using Guid(d015ae6fcda8e9c42a2ca255bb3e6255) Importer(815301076,1909f56bfc062723c751e8b465ee728b)  -> (artifact id: '0c435ca2b33cb1d2debfd4b50a844312') in 0.010332 seconds
  Import took 0.013383 seconds .

========================================================================
Received Import Request.
  Time since last request: 0.012920 seconds.
  path: Assets/InGame/active/active0 1.prefab
  artifactKey: Guid(d015ae6fcda8e9c42a2ca255bb3e6255) Importer(815301076,1909f56bfc062723c751e8b465ee728b)
Start importing Assets/InGame/active/active0 1.prefab using Guid(d015ae6fcda8e9c42a2ca255bb3e6255) Importer(815301076,1909f56bfc062723c751e8b465ee728b)  -> (artifact id: '0c435ca2b33cb1d2debfd4b50a844312') in 0.006674 seconds
  Import took 0.009842 seconds .

========================================================================
Received Import Request.
  Time since last request: 4.646923 seconds.
  path: Assets/InGame/active/active4.prefab
  artifactKey: Guid(d015ae6fcda8e9c42a2ca255bb3e6255) Importer(815301076,1909f56bfc062723c751e8b465ee728b)
Start importing Assets/InGame/active/active4.prefab using Guid(d015ae6fcda8e9c42a2ca255bb3e6255) Importer(815301076,1909f56bfc062723c751e8b465ee728b)  -> (artifact id: '7784f93907e050d249bd09729c1ad5be') in 0.008762 seconds
  Import took 0.012138 seconds .

========================================================================
Received Import Request.
  Time since last request: 0.006700 seconds.
  path: Assets/InGame/active/active4.prefab
  artifactKey: Guid(d015ae6fcda8e9c42a2ca255bb3e6255) Importer(815301076,1909f56bfc062723c751e8b465ee728b)
Start importing Assets/InGame/active/active4.prefab using Guid(d015ae6fcda8e9c42a2ca255bb3e6255) Importer(815301076,1909f56bfc062723c751e8b465ee728b)  -> (artifact id: '7784f93907e050d249bd09729c1ad5be') in 0.006555 seconds
  Import took 0.010215 seconds .

========================================================================
Received Import Request.
  Time since last request: 12.035450 seconds.
  path: Assets/InGame/active/active4.prefab
  artifactKey: Guid(d015ae6fcda8e9c42a2ca255bb3e6255) Importer(815301076,1909f56bfc062723c751e8b465ee728b)
Start importing Assets/InGame/active/active4.prefab using Guid(d015ae6fcda8e9c42a2ca255bb3e6255) Importer(815301076,1909f56bfc062723c751e8b465ee728b)  -> (artifact id: '7c3550c2c5b8f420582588b28e16aef3') in 0.006284 seconds
  Import took 0.009884 seconds .

========================================================================
Received Import Request.
  Time since last request: 19.729087 seconds.
  path: Assets/InGame/active/active4.prefab
  artifactKey: Guid(d015ae6fcda8e9c42a2ca255bb3e6255) Importer(815301076,1909f56bfc062723c751e8b465ee728b)
Start importing Assets/InGame/active/active4.prefab using Guid(d015ae6fcda8e9c42a2ca255bb3e6255) Importer(815301076,1909f56bfc062723c751e8b465ee728b)  -> (artifact id: 'ffd82438bae1b134239d0358a364b06c') in 0.005862 seconds
  Import took 0.009032 seconds .

========================================================================
Received Import Request.
  Time since last request: 18.226289 seconds.
  path: Assets/InGame/active/active4 1.prefab
  artifactKey: Guid(b5e829f43224f8c47a963e373b6206ca) Importer(815301076,1909f56bfc062723c751e8b465ee728b)
Start importing Assets/InGame/active/active4 1.prefab using Guid(b5e829f43224f8c47a963e373b6206ca) Importer(815301076,1909f56bfc062723c751e8b465ee728b)  -> (artifact id: '40de42b170e1da0684c8e10b29517a28') in 0.009715 seconds
  Import took 0.012781 seconds .

========================================================================
Received Import Request.
  Time since last request: 0.013400 seconds.
  path: Assets/InGame/active/active4 1.prefab
  artifactKey: Guid(b5e829f43224f8c47a963e373b6206ca) Importer(815301076,1909f56bfc062723c751e8b465ee728b)
Start importing Assets/InGame/active/active4 1.prefab using Guid(b5e829f43224f8c47a963e373b6206ca) Importer(815301076,1909f56bfc062723c751e8b465ee728b)  -> (artifact id: '40de42b170e1da0684c8e10b29517a28') in 0.006664 seconds
  Import took 0.009715 seconds .

========================================================================
Received Import Request.
  Time since last request: 7.551252 seconds.
  path: Assets/InGame/active/active6.prefab
  artifactKey: Guid(b5e829f43224f8c47a963e373b6206ca) Importer(815301076,1909f56bfc062723c751e8b465ee728b)
Start importing Assets/InGame/active/active6.prefab using Guid(b5e829f43224f8c47a963e373b6206ca) Importer(815301076,1909f56bfc062723c751e8b465ee728b)  -> (artifact id: '0d2c63c9287d6b4e505a1a2e8618260c') in 0.009777 seconds
  Import took 0.013017 seconds .

========================================================================
Received Import Request.
  Time since last request: 0.008162 seconds.
  path: Assets/InGame/active/active6.prefab
  artifactKey: Guid(b5e829f43224f8c47a963e373b6206ca) Importer(815301076,1909f56bfc062723c751e8b465ee728b)
Start importing Assets/InGame/active/active6.prefab using Guid(b5e829f43224f8c47a963e373b6206ca) Importer(815301076,1909f56bfc062723c751e8b465ee728b)  -> (artifact id: '0d2c63c9287d6b4e505a1a2e8618260c') in 0.006008 seconds
  Import took 0.009156 seconds .

========================================================================
Received Import Request.
  Time since last request: 6.657513 seconds.
  path: Assets/InGame/active/active6.prefab
  artifactKey: Guid(b5e829f43224f8c47a963e373b6206ca) Importer(815301076,1909f56bfc062723c751e8b465ee728b)
Start importing Assets/InGame/active/active6.prefab using Guid(b5e829f43224f8c47a963e373b6206ca) Importer(815301076,1909f56bfc062723c751e8b465ee728b)  -> (artifact id: '8c792d8a45a465946abd6211b1e16177') in 0.006329 seconds
  Import took 0.009303 seconds .

========================================================================
Received Import Request.
  Time since last request: 15.675753 seconds.
  path: Assets/InGame/active/active6.prefab
  artifactKey: Guid(b5e829f43224f8c47a963e373b6206ca) Importer(815301076,1909f56bfc062723c751e8b465ee728b)
Start importing Assets/InGame/active/active6.prefab using Guid(b5e829f43224f8c47a963e373b6206ca) Importer(815301076,1909f56bfc062723c751e8b465ee728b)  -> (artifact id: '66b5d7918ab90cc9444e8fa111e57894') in 0.005687 seconds
  Import took 0.008616 seconds .

========================================================================
Received Import Request.
  Time since last request: 2.782451 seconds.
  path: Assets/InGame/active/active6 1.prefab
  artifactKey: Guid(b3ab8eef98fc243488d358cab0b1536c) Importer(815301076,1909f56bfc062723c751e8b465ee728b)
Start importing Assets/InGame/active/active6 1.prefab using Guid(b3ab8eef98fc243488d358cab0b1536c) Importer(815301076,1909f56bfc062723c751e8b465ee728b)  -> (artifact id: '0589e56a7842773ea16c812c23c661f5') in 0.009550 seconds
  Import took 0.012582 seconds .

========================================================================
Received Import Request.
  Time since last request: 0.005195 seconds.
  path: Assets/InGame/active/active6 1.prefab
  artifactKey: Guid(b3ab8eef98fc243488d358cab0b1536c) Importer(815301076,1909f56bfc062723c751e8b465ee728b)
Start importing Assets/InGame/active/active6 1.prefab using Guid(b3ab8eef98fc243488d358cab0b1536c) Importer(815301076,1909f56bfc062723c751e8b465ee728b)  -> (artifact id: '0589e56a7842773ea16c812c23c661f5') in 0.005624 seconds
  Import took 0.008609 seconds .

========================================================================
Received Import Request.
  Time since last request: 2.967953 seconds.
  path: Assets/InGame/active/active7.prefab
  artifactKey: Guid(b3ab8eef98fc243488d358cab0b1536c) Importer(815301076,1909f56bfc062723c751e8b465ee728b)
Start importing Assets/InGame/active/active7.prefab using Guid(b3ab8eef98fc243488d358cab0b1536c) Importer(815301076,1909f56bfc062723c751e8b465ee728b)  -> (artifact id: '6b666ebe8d1243685cbfe4fa0162e5c9') in 0.009943 seconds
  Import took 0.013421 seconds .

========================================================================
Received Import Request.
  Time since last request: 0.006494 seconds.
  path: Assets/InGame/active/active7.prefab
  artifactKey: Guid(b3ab8eef98fc243488d358cab0b1536c) Importer(815301076,1909f56bfc062723c751e8b465ee728b)
Start importing Assets/InGame/active/active7.prefab using Guid(b3ab8eef98fc243488d358cab0b1536c) Importer(815301076,1909f56bfc062723c751e8b465ee728b)  -> (artifact id: '6b666ebe8d1243685cbfe4fa0162e5c9') in 0.006692 seconds
  Import took 0.009933 seconds .

========================================================================
Received Import Request.
  Time since last request: 22.687404 seconds.
  path: Assets/InGame/active/active7.prefab
  artifactKey: Guid(b3ab8eef98fc243488d358cab0b1536c) Importer(815301076,1909f56bfc062723c751e8b465ee728b)
Start importing Assets/InGame/active/active7.prefab using Guid(b3ab8eef98fc243488d358cab0b1536c) Importer(815301076,1909f56bfc062723c751e8b465ee728b)  -> (artifact id: '9107ed77f8e7496fec1f8cf5a3501ccf') in 0.005846 seconds
  Import took 0.008958 seconds .

========================================================================
Received Import Request.
  Time since last request: 2.140349 seconds.
  path: Assets/InGame/active/active7 1.prefab
  artifactKey: Guid(ce25c7febbdda6a4da9f2bd18a6b7a14) Importer(815301076,1909f56bfc062723c751e8b465ee728b)
Start importing Assets/InGame/active/active7 1.prefab using Guid(ce25c7febbdda6a4da9f2bd18a6b7a14) Importer(815301076,1909f56bfc062723c751e8b465ee728b)  -> (artifact id: '5212a068c34ccce663f182c102fc888f') in 0.008952 seconds
  Import took 0.012036 seconds .

========================================================================
Received Import Request.
  Time since last request: 0.014014 seconds.
  path: Assets/InGame/active/active7 1.prefab
  artifactKey: Guid(ce25c7febbdda6a4da9f2bd18a6b7a14) Importer(815301076,1909f56bfc062723c751e8b465ee728b)
Start importing Assets/InGame/active/active7 1.prefab using Guid(ce25c7febbdda6a4da9f2bd18a6b7a14) Importer(815301076,1909f56bfc062723c751e8b465ee728b)  -> (artifact id: '5212a068c34ccce663f182c102fc888f') in 0.007246 seconds
  Import took 0.010457 seconds .

========================================================================
Received Import Request.
  Time since last request: 2.795866 seconds.
  path: Assets/InGame/active/active8.prefab
  artifactKey: Guid(ce25c7febbdda6a4da9f2bd18a6b7a14) Importer(815301076,1909f56bfc062723c751e8b465ee728b)
Start importing Assets/InGame/active/active8.prefab using Guid(ce25c7febbdda6a4da9f2bd18a6b7a14) Importer(815301076,1909f56bfc062723c751e8b465ee728b)  -> (artifact id: 'dab773650a120bd3d9a1900810ab7da8') in 0.009184 seconds
  Import took 0.012064 seconds .

========================================================================
Received Import Request.
  Time since last request: 0.007549 seconds.
  path: Assets/InGame/active/active8.prefab
  artifactKey: Guid(ce25c7febbdda6a4da9f2bd18a6b7a14) Importer(815301076,1909f56bfc062723c751e8b465ee728b)
Start importing Assets/InGame/active/active8.prefab using Guid(ce25c7febbdda6a4da9f2bd18a6b7a14) Importer(815301076,1909f56bfc062723c751e8b465ee728b)  -> (artifact id: 'dab773650a120bd3d9a1900810ab7da8') in 0.006229 seconds
  Import took 0.009572 seconds .

========================================================================
Received Import Request.
  Time since last request: 6.076490 seconds.
  path: Assets/InGame/active/active8.prefab
  artifactKey: Guid(ce25c7febbdda6a4da9f2bd18a6b7a14) Importer(815301076,1909f56bfc062723c751e8b465ee728b)
Start importing Assets/InGame/active/active8.prefab using Guid(ce25c7febbdda6a4da9f2bd18a6b7a14) Importer(815301076,1909f56bfc062723c751e8b465ee728b)  -> (artifact id: '71a0184a4f9621accdcbaf83d7baf5db') in 0.005867 seconds
  Import took 0.009117 seconds .

========================================================================
Received Import Request.
  Time since last request: 19.195248 seconds.
  path: Assets/InGame/active/active8.prefab
  artifactKey: Guid(ce25c7febbdda6a4da9f2bd18a6b7a14) Importer(815301076,1909f56bfc062723c751e8b465ee728b)
Start importing Assets/InGame/active/active8.prefab using Guid(ce25c7febbdda6a4da9f2bd18a6b7a14) Importer(815301076,1909f56bfc062723c751e8b465ee728b)  -> (artifact id: '375c9b242a48c0809ad488cb9a36d37d') in 0.005589 seconds
  Import took 0.008502 seconds .

========================================================================
Received Prepare
Registering precompiled user dll's ...
Registered in 0.004764 seconds.
Begin MonoManager ReloadAssembly
Native extension for WindowsStandalone target not found
Refreshing native plugins compatible for Editor in 0.64 ms, found 2 plugins.
Preloading 0 native plugins for Editor in 0.00 ms.
Mono: successfully reloaded assembly
- Completed reload, in  0.960 seconds
Platform modules already initialized, skipping
Refreshing native plugins compatible for Editor in 0.51 ms, found 2 plugins.
Preloading 0 native plugins for Editor in 0.00 ms.
Unloading 1701 Unused Serialized files (Serialized files now loaded: 0)
System memory in use before: 81.3 MB.
System memory in use after: 81.4 MB.

Unloading 11 unused Assets to reduce memory usage. Loaded Objects now: 2190.
Total: 1.685200 ms (FindLiveObjects: 0.162300 ms CreateObjectMapping: 0.063900 ms MarkObjects: 1.443100 ms  DeleteObjects: 0.014800 ms)

========================================================================
Received Prepare
Registering precompiled user dll's ...
Registered in 0.004334 seconds.
Begin MonoManager ReloadAssembly
Native extension for WindowsStandalone target not found
Refreshing native plugins compatible for Editor in 0.53 ms, found 2 plugins.
Preloading 0 native plugins for Editor in 0.00 ms.
Mono: successfully reloaded assembly
- Completed reload, in  1.115 seconds
Platform modules already initialized, skipping
Refreshing native plugins compatible for Editor in 0.51 ms, found 2 plugins.
Preloading 0 native plugins for Editor in 0.00 ms.
Unloading 1701 Unused Serialized files (Serialized files now loaded: 0)
System memory in use before: 81.3 MB.
System memory in use after: 81.4 MB.

Unloading 11 unused Assets to reduce memory usage. Loaded Objects now: 2193.
Total: 2.387400 ms (FindLiveObjects: 0.243800 ms CreateObjectMapping: 0.121000 ms MarkObjects: 2.005500 ms  DeleteObjects: 0.015600 ms)

========================================================================
Received Import Request.
  Time since last request: 301.419514 seconds.
  path: Assets/Scenes/GameScene.unity
  artifactKey: Guid(9fc0d4010bbf28b4594072e72b8655ab) Importer(815301076,1909f56bfc062723c751e8b465ee728b)
Start importing Assets/Scenes/GameScene.unity using Guid(9fc0d4010bbf28b4594072e72b8655ab) Importer(815301076,1909f56bfc062723c751e8b465ee728b)  -> (artifact id: '7edcf94cdba0579c70e7365dec64a74b') in 0.013742 seconds
  Import took 0.018690 seconds .

========================================================================
Received Prepare
Registering precompiled user dll's ...
Registered in 0.004357 seconds.
Begin MonoManager ReloadAssembly
Native extension for WindowsStandalone target not found
Refreshing native plugins compatible for Editor in 0.51 ms, found 2 plugins.
Preloading 0 native plugins for Editor in 0.00 ms.
Mono: successfully reloaded assembly
- Completed reload, in  0.934 seconds
Platform modules already initialized, skipping
Refreshing native plugins compatible for Editor in 0.50 ms, found 2 plugins.
Preloading 0 native plugins for Editor in 0.00 ms.
Unloading 1701 Unused Serialized files (Serialized files now loaded: 0)
System memory in use before: 81.3 MB.
System memory in use after: 81.5 MB.

Unloading 11 unused Assets to reduce memory usage. Loaded Objects now: 2196.
Total: 1.814700 ms (FindLiveObjects: 0.226800 ms CreateObjectMapping: 0.088400 ms MarkObjects: 1.479200 ms  DeleteObjects: 0.018700 ms)

========================================================================
Received Import Request.
  Time since last request: 55.708263 seconds.
  path: Assets/InGame/active/active_4.prefab
  artifactKey: Guid(b9bd283735f3b934687265a1010788ff) Importer(815301076,1909f56bfc062723c751e8b465ee728b)
Start importing Assets/InGame/active/active_4.prefab using Guid(b9bd283735f3b934687265a1010788ff) Importer(815301076,1909f56bfc062723c751e8b465ee728b)  -> (artifact id: 'a3c5985e10b258ea46419354a3d4e9e8') in 0.046220 seconds
  Import took 0.055450 seconds .

========================================================================
Received Import Request.
  Time since last request: 2.737704 seconds.
  path: Assets/InGame/active/4.prefab
  artifactKey: Guid(d015ae6fcda8e9c42a2ca255bb3e6255) Importer(815301076,1909f56bfc062723c751e8b465ee728b)
Start importing Assets/InGame/active/4.prefab using Guid(d015ae6fcda8e9c42a2ca255bb3e6255) Importer(815301076,1909f56bfc062723c751e8b465ee728b)  -> (artifact id: 'f5aec1db7931660e84f894ee387ee2ed') in 0.009876 seconds
  Import took 0.012901 seconds .

========================================================================
Received Import Request.
  Time since last request: 0.006461 seconds.
  path: Assets/InGame/active/4.prefab
  artifactKey: Guid(d015ae6fcda8e9c42a2ca255bb3e6255) Importer(815301076,1909f56bfc062723c751e8b465ee728b)
Start importing Assets/InGame/active/4.prefab using Guid(d015ae6fcda8e9c42a2ca255bb3e6255) Importer(815301076,1909f56bfc062723c751e8b465ee728b)  -> (artifact id: 'f5aec1db7931660e84f894ee387ee2ed') in 0.006957 seconds
  Import took 0.009938 seconds .

========================================================================
Received Import Request.
  Time since last request: 4.030534 seconds.
  path: Assets/InGame/active/active_6.prefab
  artifactKey: Guid(ad43b9b864c487647ad00065d69a9b16) Importer(815301076,1909f56bfc062723c751e8b465ee728b)
Start importing Assets/InGame/active/active_6.prefab using Guid(ad43b9b864c487647ad00065d69a9b16) Importer(815301076,1909f56bfc062723c751e8b465ee728b)  -> (artifact id: 'ad2c8dd9db94f18036968951cc6a011d') in 0.011470 seconds
  Import took 0.014514 seconds .

========================================================================
Received Import Request.
  Time since last request: 0.004574 seconds.
  path: Assets/InGame/active/active_6.prefab
  artifactKey: Guid(ad43b9b864c487647ad00065d69a9b16) Importer(815301076,1909f56bfc062723c751e8b465ee728b)
Start importing Assets/InGame/active/active_6.prefab using Guid(ad43b9b864c487647ad00065d69a9b16) Importer(815301076,1909f56bfc062723c751e8b465ee728b)  -> (artifact id: 'ad2c8dd9db94f18036968951cc6a011d') in 0.008556 seconds
  Import took 0.012285 seconds .

========================================================================
Received Import Request.
  Time since last request: 2.810205 seconds.
  path: Assets/InGame/active/6.prefab
  artifactKey: Guid(b5e829f43224f8c47a963e373b6206ca) Importer(815301076,1909f56bfc062723c751e8b465ee728b)
Start importing Assets/InGame/active/6.prefab using Guid(b5e829f43224f8c47a963e373b6206ca) Importer(815301076,1909f56bfc062723c751e8b465ee728b)  -> (artifact id: '40f838db1f0ac69c6c0311a51aca8aab') in 0.009906 seconds
  Import took 0.013028 seconds .

========================================================================
Received Import Request.
  Time since last request: 0.006243 seconds.
  path: Assets/InGame/active/6.prefab
  artifactKey: Guid(b5e829f43224f8c47a963e373b6206ca) Importer(815301076,1909f56bfc062723c751e8b465ee728b)
Start importing Assets/InGame/active/6.prefab using Guid(b5e829f43224f8c47a963e373b6206ca) Importer(815301076,1909f56bfc062723c751e8b465ee728b)  -> (artifact id: '40f838db1f0ac69c6c0311a51aca8aab') in 0.007030 seconds
  Import took 0.010358 seconds .

========================================================================
Received Import Request.
  Time since last request: 4.671387 seconds.
  path: Assets/InGame/active/active_7.prefab
  artifactKey: Guid(50a1241a0dac7644fafbcaccf69ba400) Importer(815301076,1909f56bfc062723c751e8b465ee728b)
Start importing Assets/InGame/active/active_7.prefab using Guid(50a1241a0dac7644fafbcaccf69ba400) Importer(815301076,1909f56bfc062723c751e8b465ee728b)  -> (artifact id: '606e785a3c3001368499c9c67d3ebfdb') in 0.009902 seconds
  Import took 0.013003 seconds .

========================================================================
Received Import Request.
  Time since last request: 0.006333 seconds.
  path: Assets/InGame/active/active_7.prefab
  artifactKey: Guid(50a1241a0dac7644fafbcaccf69ba400) Importer(815301076,1909f56bfc062723c751e8b465ee728b)
Start importing Assets/InGame/active/active_7.prefab using Guid(50a1241a0dac7644fafbcaccf69ba400) Importer(815301076,1909f56bfc062723c751e8b465ee728b)  -> (artifact id: '606e785a3c3001368499c9c67d3ebfdb') in 0.007751 seconds
  Import took 0.011052 seconds .

========================================================================
Received Import Request.
  Time since last request: 2.208920 seconds.
  path: Assets/InGame/active/7.prefab
  artifactKey: Guid(b3ab8eef98fc243488d358cab0b1536c) Importer(815301076,1909f56bfc062723c751e8b465ee728b)
Start importing Assets/InGame/active/7.prefab using Guid(b3ab8eef98fc243488d358cab0b1536c) Importer(815301076,1909f56bfc062723c751e8b465ee728b)  -> (artifact id: '930b59bdb634af4ee1207fb3751f8002') in 0.009537 seconds
  Import took 0.012935 seconds .

========================================================================
Received Import Request.
  Time since last request: 0.006551 seconds.
  path: Assets/InGame/active/7.prefab
  artifactKey: Guid(b3ab8eef98fc243488d358cab0b1536c) Importer(815301076,1909f56bfc062723c751e8b465ee728b)
Start importing Assets/InGame/active/7.prefab using Guid(b3ab8eef98fc243488d358cab0b1536c) Importer(815301076,1909f56bfc062723c751e8b465ee728b)  -> (artifact id: '930b59bdb634af4ee1207fb3751f8002') in 0.008722 seconds
  Import took 0.012037 seconds .

========================================================================
Received Import Request.
  Time since last request: 3.036013 seconds.
  path: Assets/InGame/active/active_8.prefab
  artifactKey: Guid(57134165443e6724398748d149504985) Importer(815301076,1909f56bfc062723c751e8b465ee728b)
Start importing Assets/InGame/active/active_8.prefab using Guid(57134165443e6724398748d149504985) Importer(815301076,1909f56bfc062723c751e8b465ee728b)  -> (artifact id: '5e4fa81beeb1fc75f6d2d8202a23bb5f') in 0.010597 seconds
  Import took 0.013693 seconds .

========================================================================
Received Import Request.
  Time since last request: 0.005027 seconds.
  path: Assets/InGame/active/active_8.prefab
  artifactKey: Guid(57134165443e6724398748d149504985) Importer(815301076,1909f56bfc062723c751e8b465ee728b)
Start importing Assets/InGame/active/active_8.prefab using Guid(57134165443e6724398748d149504985) Importer(815301076,1909f56bfc062723c751e8b465ee728b)  -> (artifact id: '5e4fa81beeb1fc75f6d2d8202a23bb5f') in 0.008601 seconds
  Import took 0.012873 seconds .

========================================================================
Received Import Request.
  Time since last request: 4.255525 seconds.
  path: Assets/InGame/active/8.prefab
  artifactKey: Guid(ce25c7febbdda6a4da9f2bd18a6b7a14) Importer(815301076,1909f56bfc062723c751e8b465ee728b)
Start importing Assets/InGame/active/8.prefab using Guid(ce25c7febbdda6a4da9f2bd18a6b7a14) Importer(815301076,1909f56bfc062723c751e8b465ee728b)  -> (artifact id: 'd270894f7da3849280c6632fa35fe8d5') in 0.011247 seconds
  Import took 0.015214 seconds .

========================================================================
Received Import Request.
  Time since last request: 0.003572 seconds.
  path: Assets/InGame/active/8.prefab
  artifactKey: Guid(ce25c7febbdda6a4da9f2bd18a6b7a14) Importer(815301076,1909f56bfc062723c751e8b465ee728b)
Start importing Assets/InGame/active/8.prefab using Guid(ce25c7febbdda6a4da9f2bd18a6b7a14) Importer(815301076,1909f56bfc062723c751e8b465ee728b)  -> (artifact id: 'd270894f7da3849280c6632fa35fe8d5') in 0.007558 seconds
  Import took 0.011470 seconds .

========================================================================
Received Prepare
Registering precompiled user dll's ...
Registered in 0.004196 seconds.
Begin MonoManager ReloadAssembly
Native extension for WindowsStandalone target not found
Refreshing native plugins compatible for Editor in 0.49 ms, found 2 plugins.
Preloading 0 native plugins for Editor in 0.00 ms.
Mono: successfully reloaded assembly
- Completed reload, in  0.917 seconds
Platform modules already initialized, skipping
Refreshing native plugins compatible for Editor in 0.61 ms, found 2 plugins.
Preloading 0 native plugins for Editor in 0.00 ms.
Unloading 1701 Unused Serialized files (Serialized files now loaded: 0)
System memory in use before: 81.4 MB.
System memory in use after: 81.5 MB.

Unloading 11 unused Assets to reduce memory usage. Loaded Objects now: 2199.
Total: 2.250400 ms (FindLiveObjects: 0.231400 ms CreateObjectMapping: 0.102900 ms MarkObjects: 1.890300 ms  DeleteObjects: 0.024600 ms)

========================================================================
Received Prepare
Refreshing native plugins compatible for Editor in 4.70 ms, found 2 plugins.
Preloading 0 native plugins for Editor in 0.00 ms.
Unloading 9 Unused Serialized files (Serialized files now loaded: 0)
System memory in use before: 47.9 MB.
System memory in use after: 48.0 MB.

Unloading 9 unused Assets to reduce memory usage. Loaded Objects now: 2199.
Total: 2.701800 ms (FindLiveObjects: 0.256600 ms CreateObjectMapping: 0.100700 ms MarkObjects: 2.323000 ms  DeleteObjects: 0.020500 ms)

AssetImportWorkerClient::OnTransportError - code=2 error=End of file
